<?xml version="1.0" encoding="UTF-8"?>
<!-- Generated by org.testng.reporters.JUnitReportReporter -->
<testsuite hostname="PL-AU-PF3Z6R40" failures="0" tests="6" name="jupitortoystestcases.ContactTest" time="260.433" errors="0" timestamp="2022-09-07T10:42:16 AEST" skipped="0">
  <testcase classname="jupitortoystestcases.ContactTest" name="validateSuccess" time="17.530"/>
  <system-out/>
  <testcase classname="jupitortoystestcases.ContactTest" name="validateSuccess" time="22.558"/>
  <system-out/>
  <testcase classname="jupitortoystestcases.ContactTest" name="validateSuccess" time="14.201"/>
  <system-out/>
  <testcase classname="jupitortoystestcases.ContactTest" name="validateSuccess" time="18.580"/>
  <system-out/>
  <testcase classname="jupitortoystestcases.ContactTest" name="validateSuccess" time="25.756"/>
  <system-out/>
  <testcase classname="jupitortoystestcases.ContactTest" name="verifyingErrorMessages" time="161.808"/>
  <system-out/>
</testsuite> <!-- jupitortoystestcases.ContactTest -->
