<?xml version="1.0" encoding="UTF-8"?>
<!-- Generated by org.testng.reporters.JUnitReportReporter -->
<testsuite hostname="PL-AU-PF3Z6R40" failures="0" tests="1" name="automation.testcases.ShopPage" time="1.551" errors="0" timestamp="2022-08-29T09:39:50 AEST" skipped="0">
  <testcase classname="automation.testcases.ShopPage" name="verifying_Cart_Items" time="1.551"/>
  <system-out/>
</testsuite> <!-- automation.testcases.ShopPage -->
