<?xml version="1.0" encoding="UTF-8"?>
<!-- Generated by org.testng.reporters.JUnitReportReporter -->
<testsuite hostname="PL-AU-PF3Z6R40" failures="0" tests="1" name="automation.testcases.Verifying_items_in_cart" time="20.181" errors="0" timestamp="2022-08-26T12:29:43 AEST" skipped="0">
  <testcase classname="automation.testcases.Verifying_items_in_cart" name="verifying_Cart_Items" time="20.181"/>
  <system-out/>
</testsuite> <!-- automation.testcases.Verifying_items_in_cart -->
