<?xml version="1.0" encoding="UTF-8"?>
<!-- Generated by org.testng.reporters.JUnitReportReporter -->
<testsuite hostname="PL-AU-PF3Z6R40" failures="0" tests="2" name="jupitortoystestcases.HomeTest" time="26.588" errors="0" timestamp="2022-09-20T22:32:33 AEST" skipped="0">
  <testcase classname="jupitortoystestcases.HomeTest" name="failedLogIn" time="14.409"/>
  <system-out/>
  <testcase classname="jupitortoystestcases.HomeTest" name="logInLogOut" time="12.179"/>
  <system-out/>
</testsuite> <!-- jupitortoystestcases.HomeTest -->
