<?xml version="1.0" encoding="UTF-8"?>
<!-- Generated by org.testng.reporters.JUnitReportReporter -->
<testsuite hostname="PL-AU-PF3Z6R40" failures="0" tests="1" name="jupitortoystestcases.ShopPage" time="22.919" errors="0" timestamp="2022-08-29T16:23:09 AEST" skipped="0">
  <testcase classname="jupitortoystestcases.ShopPage" name="verifyingCartItems" time="22.919"/>
  <system-out/>
</testsuite> <!-- jupitortoystestcases.ShopPage -->
