<?xml version="1.0" encoding="UTF-8"?>
<!-- Generated by org.testng.reporters.JUnitReportReporter -->
<testsuite hostname="PL-AU-PF3Z6R40" failures="0" tests="1" name="jupitortoystestcases.Contacttest" time="171.115" errors="0" timestamp="2022-08-31T10:48:15 AEST" skipped="0">
  <testcase classname="jupitortoystestcases.Contacttest" name="verifyingErrorMessages" time="171.115"/>
  <system-out/>
</testsuite> <!-- jupitortoystestcases.Contacttest -->
