<?xml version="1.0" encoding="UTF-8"?>
<!-- Generated by org.testng.reporters.JUnitReportReporter -->
<testsuite hostname="PL-AU-PF3Z6R40" failures="0" tests="1" name="automation.testcases.Verify_itemsincart" time="1.367" errors="0" timestamp="2022-08-25T18:28:55 AEST" skipped="0">
  <testcase classname="automation.testcases.Verify_itemsincart" name="verifyItemsinCart" time="1.367"/>
  <system-out/>
</testsuite> <!-- automation.testcases.Verify_itemsincart -->
