<?xml version="1.0" encoding="UTF-8"?>
<!-- Generated by org.testng.reporters.JUnitReportReporter -->
<testsuite hostname="PL-AU-PF3Z6R40" failures="0" tests="7" name="jupitortoystestcases.ContactTest" time="206.638" errors="0" timestamp="2022-09-25T22:48:35 AEST" skipped="0">
  <testcase classname="jupitortoystestcases.ContactTest" name="validateSuccess" time="7.792"/>
  <system-out/>
  <testcase classname="jupitortoystestcases.ContactTest" name="verifyingErrorMessages" time="155.089"/>
  <system-out/>
  <testcase classname="jupitortoystestcases.ContactTest" name="validateSuccess" time="5.983"/>
  <system-out/>
  <testcase classname="jupitortoystestcases.ContactTest" name="validateSuccess" time="8.766"/>
  <system-out/>
  <testcase classname="jupitortoystestcases.ContactTest" name="enteringDetails" time="4.964"/>
  <system-out/>
  <testcase classname="jupitortoystestcases.ContactTest" name="validateSuccess" time="8.008"/>
  <system-out/>
  <testcase classname="jupitortoystestcases.ContactTest" name="validateSuccess" time="16.036"/>
  <system-out/>
</testsuite> <!-- jupitortoystestcases.ContactTest -->
