<?xml version="1.0" encoding="UTF-8"?>
<!-- Generated by org.testng.reporters.JUnitReportReporter -->
<testsuite hostname="PL-AU-PF3Z6R40" failures="0" tests="1" name="jupitortoystestcases.Shoptest" time="18.898" errors="0" timestamp="2022-08-31T10:17:32 AEST" skipped="0">
  <testcase classname="jupitortoystestcases.Shoptest" name="verifyingCartItems" time="18.898"/>
  <system-out/>
</testsuite> <!-- jupitortoystestcases.Shoptest -->
