<?xml version="1.0" encoding="UTF-8"?>
<!-- Generated by org.testng.reporters.JUnitReportReporter -->
<testsuite hostname="PL-AU-PF3Z6R40" failures="0" tests="6" name="jupitortoystestcases.ContactPage" time="235.158" errors="0" timestamp="2022-08-29T16:23:09 AEST" skipped="0">
  <testcase classname="jupitortoystestcases.ContactPage" name="validateSuccess" time="10.687"/>
  <system-out/>
  <testcase classname="jupitortoystestcases.ContactPage" name="validateSuccess" time="14.985"/>
  <system-out/>
  <testcase classname="jupitortoystestcases.ContactPage" name="validateSuccess" time="13.374"/>
  <system-out/>
  <testcase classname="jupitortoystestcases.ContactPage" name="validateSuccess" time="12.302"/>
  <system-out/>
  <testcase classname="jupitortoystestcases.ContactPage" name="verifyingErrorMessages" time="170.854"/>
  <system-out/>
  <testcase classname="jupitortoystestcases.ContactPage" name="validateSuccess" time="12.956"/>
  <system-out/>
</testsuite> <!-- jupitortoystestcases.ContactPage -->
