<?xml version="1.0" encoding="UTF-8"?>
<!-- Generated by org.testng.reporters.JUnitReportReporter -->
<testsuite hostname="PL-AU-PF3Z6R40" failures="0" tests="6" name="automation.testcases.ContactPage" time="245.026" errors="0" timestamp="2022-08-29T12:40:37 AEST" skipped="0">
  <testcase classname="automation.testcases.ContactPage" name="validateSuccess" time="12.660"/>
  <system-out/>
  <testcase classname="automation.testcases.ContactPage" name="validateSuccess" time="28.826"/>
  <system-out/>
  <testcase classname="automation.testcases.ContactPage" name="validateSuccess" time="11.357"/>
  <system-out/>
  <testcase classname="automation.testcases.ContactPage" name="verifyingErrorMessages" time="161.022"/>
  <system-out/>
  <testcase classname="automation.testcases.ContactPage" name="validateSuccess" time="10.608"/>
  <system-out/>
  <testcase classname="automation.testcases.ContactPage" name="validateSuccess" time="20.553"/>
  <system-out/>
</testsuite> <!-- automation.testcases.ContactPage -->
