<?xml version="1.0" encoding="UTF-8"?>
<!-- Generated by org.testng.reporters.JUnitReportReporter -->
<testsuite hostname="PL-AU-PF3Z6R40" failures="0" tests="1" name="automation.testcases.Verifying_the_contact_page" time="19.672" errors="0" timestamp="2022-08-26T12:30:11 AEST" skipped="0">
  <testcase classname="automation.testcases.Verifying_the_contact_page" name="validateErrors" time="19.672"/>
  <system-out/>
</testsuite> <!-- automation.testcases.Verifying_the_contact_page -->
