<?xml version="1.0" encoding="UTF-8"?>
<!-- Generated by org.testng.reporters.JUnitReportReporter -->
<testsuite hostname="PL-AU-PF3Z6R40" failures="0" tests="1" name="jupitortoystestcases.ShopTest" time="64.690" errors="0" timestamp="2022-09-13T09:15:46 AEST" skipped="0">
  <testcase classname="jupitortoystestcases.ShopTest" name="verifyingCartItems" time="64.690"/>
  <system-out/>
</testsuite> <!-- jupitortoystestcases.ShopTest -->
